<?xml version="1.0" encoding="UTF-8"?>
<!-- Generated by org.testng.reporters.JUnitXMLReporter -->
<testsuite hostname="DESKTOP-6QTNOGT" ignored="0" name="Default test" tests="3" failures="0" timestamp="2022-01-11T17:44:16 IST" time="25.968" errors="0">
  <testcase name="validateTitleTest" time="0.081" classname="com.qa.crm.testcases.LoginPageTest"/>
  <testcase name="validateLogoTest" time="0.286" classname="com.qa.crm.testcases.LoginPageTest"/>
  <testcase name="loginTest" time="1.405" classname="com.qa.crm.testcases.LoginPageTest"/>
</testsuite> <!-- Default test -->
